make.exe all --print-data-base --no-builtin-variables --no-builtin-rules --question
# GNU Make 3.82.90
# Built for i686-pc-mingw32
# Copyright (C) 1988-2012 Free Software Foundation, Inc.
# License GPLv3+: GNU GPL version 3 or later <http://gnu.org/licenses/gpl.html>
# This is free software: you are free to change and redistribute it.
# There is NO WARRANTY, to the extent permitted by law.
 

# Make data base, printed on Thu Jul 07 12:06:53 2022

# Variables

# automatic
<D = $(patsubst %/,%,$(patsubst %\,%,$(dir $<)))
# automatic
?F = $(notdir $?)
# default
.SHELLFLAGS := -c
# makefile
MAKEFLAGS = Rrqp
# environment
VSCODE_LOG_NATIVE = false
# automatic
?D = $(patsubst %/,%,$(patsubst %\,%,$(dir $?)))
# automatic
@D = $(patsubst %/,%,$(patsubst %\,%,$(dir $@)))
# environment
HOMEDRIVE = C:
# automatic
@F = $(notdir $@)
# automatic
^D = $(patsubst %/,%,$(patsubst %\,%,$(dir $^)))
# makefile
CURDIR := c:/Users/thiag/Desktop/LFA
# default
SHELL := sh.exe
# environment
WINDIR = C:\Windows
# environment
VSCODE_NLS_CONFIG = {"locale":"pt-br","availableLanguages":{"*":"pt-br"},"_languagePackId":"195456cb6bc5e7dd989215cd334fb359.pt-br","_translationsConfigFile":"C:\\Users\\thiag\\AppData\\Roaming\\Code\\clp\\195456cb6bc5e7dd989215cd334fb359.pt-br\\tcf.json","_cacheRoot":"C:\\Users\\thiag\\AppData\\Roaming\\Code\\clp\\195456cb6bc5e7dd989215cd334fb359.pt-br","_resolvedLanguagePackCoreLocation":"C:\\Users\ 
\thiag\\AppData\\Roaming\\Code\\clp\\195456cb6bc5e7dd989215cd334fb359.pt-br\\30d9c6cd9483b2cc586687151bcbcd635f373630","_corruptedFile":"C:\\Users\\thiag\\AppData\\Roaming\\Code\\clp\\195456cb6bc5e7dd989215cd334fb359.pt-br\\corrupted.info","_languagePackSupport":true}
# environment
ONEDRIVE = C:\Users\thiag\OneDrive
# environment
PATHEXT = .COM;.EXE;.BAT;.CMD;.VBS;.VBE;.JS;.JSE;.WSF;.WSH;.MSC
# makefile
MAKEFILE_LIST := 
# environment
FPS_BROWSER_USER_PROFILE_STRING = Default
# environment
TMP = C:\Users\thiag\AppData\Local\Temp
# environment
VSCODE_VERBOSE_LOGGING = true
# environment
PROGRAMW6432 = C:\Program Files
# environment
PROGRAMDATA = C:\ProgramData
# environment
VSCODE_IPC_HOOK_EXTHOST = \\.\pipe\vscode-ipc-143766a9-5371-40cf-bbfe-43affdcc56d9-sock
# environment
VSCODE_CWD = C:\Users\thiag\AppData\Local\Programs\Microsoft VS Code
# environment
PATH = C:\Program Files\Common Files\Oracle\Java\javapath;C:\Windows\system32;C:\Windows;C:\Windows\System32\Wbem;C:\Windows\System32\WindowsPowerShell\v1.0\;C:\Windows\System32\OpenSSH\;C:\Program Files\NVIDIA Corporation\NVIDIA NvDLISR;C:\Program Files (x86)\NVIDIA Corporation\PhysX\Common;C:\Program Files\nodejs\;C:\Users\thiag\AppData\Local\Programs\Python\Python310\Scripts\;C:\Users\thiag\AppData\Local\Programs\Python\Python310\;C:\MinGW\bin;C:\Users\thiag\AppData\Local\Programs\Microsoft VS Code\bin;C:\Program Files\nodejs;C:\Users\thiag\AppData\Roaming\npm
# environment
COMMONPROGRAMW6432 = C:\Program Files\Common Files
# environment
PROCESSOR_ARCHITECTURE = x86
# environment
USERPROFILE = C:\Users\thiag
# environment
ALLUSERSPROFILE = C:\ProgramData
# environment
VSCODE_LOG_STACK = false
# environment
NUMBER_OF_PROCESSORS = 4
# environment
ELECTRON_RUN_AS_NODE = 1
# environment
MINGW_HOME = C:\MinGW
# default
.FEATURES := target-specific order-only second-expansion else-if shortest-stem undefine oneshell archives jobserver
# automatic
%F = $(notdir $%)
# environment
CHROME_CRASHPAD_PIPE_NAME = \\.\pipe\crashpad_11548_UKQMNNINPZGEBHKK
# environment
VSCODE_PIPE_LOGGING = true
# environment
COMPUTERNAME = DESKTOP-ODNIQO7
# environment
PROGRAMFILES = C:\Program Files (x86)
# environment
DRIVERDATA = C:\Windows\System32\Drivers\DriverData
# environment
ORIGINAL_XDG_CURRENT_DESKTOP = undefined
# environment
USERNAME = thiag
# environment
PUBLIC = C:\Users\Public
# environment
VSCODE_AMD_ENTRYPOINT = vs/workbench/api/node/extensionHostProcess
# environment
VSCODE_CODE_CACHE_PATH = C:\Users\thiag\AppData\Roaming\Code\CachedData\30d9c6cd9483b2cc586687151bcbcd635f373630
# environment
APPLICATION_INSIGHTS_NO_DIAGNOSTIC_CHANNEL = true
# environment
COMMONPROGRAMFILES = C:\Program Files (x86)\Common Files
# environment
LOGONSERVER = \\DESKTOP-ODNIQO7
# environment
ONEDRIVECONSUMER = C:\Users\thiag\OneDrive
# environment
VSCODE_HANDLES_UNCAUGHT_ERRORS = true
# environment
USERDOMAIN = DESKTOP-ODNIQO7
# environment
MAKELEVEL := 0
# default
MAKE = $(MAKE_COMMAND)
# default
MAKECMDGOALS := all
# default
MAKE_VERSION := 3.82.90
# makefile
.DEFAULT_GOAL := 
# environment
PROGRAMFILES(X86) = C:\Program Files (x86)
# automatic
%D = $(patsubst %/,%,$(patsubst %\,%,$(dir $%)))
# environment
LOCALAPPDATA = C:\Users\thiag\AppData\Local
# environment
PSMODULEPATH = C:\Program Files\WindowsPowerShell\Modules;C:\Windows\system32\WindowsPowerShell\v1.0\Modules
# default
MAKE_COMMAND := make.exe
# environment
PROCESSOR_ARCHITEW6432 = AMD64
# default
.VARIABLES := 
# automatic
*F = $(notdir $*)
# environment
PROCESSOR_IDENTIFIER = Intel64 Family 6 Model 158 Stepping 9, GenuineIntel
# environment
OS = Windows_NT
# environment
VSCODE_IPC_HOOK = \\.\pipe\2847dab3d67b2c1df7b30dc97473a91f-1.68.1-main-sock
# environment
HOMEPATH = \Users\thiag
# environment
COMMONPROGRAMFILES(X86) = C:\Program Files (x86)\Common Files
# environment
PROMPT = $P$G
# environment
MFLAGS = -Rrqp
# automatic
*D = $(patsubst %/,%,$(patsubst %\,%,$(dir $*)))
# environment
SYSTEMROOT = C:\Windows
# automatic
+D = $(patsubst %/,%,$(patsubst %\,%,$(dir $+)))
# automatic
+F = $(notdir $+)
# environment
APPDATA = C:\Users\thiag\AppData\Roaming
# environment
TEMP = C:\Users\thiag\AppData\Local\Temp
# environment
COMSPEC = C:\Windows\system32\cmd.exe
# default
MAKEFILES := 
# automatic
<F = $(notdir $<)
# environment
LC_ALL = C
# automatic
^F = $(notdir $^)
# default
SUFFIXES := 
# environment
SYSTEMDRIVE = C:
# environment
SESSIONNAME = Console
# environment
PROCESSOR_REVISION = 9e09
# default
.INCLUDE_DIRS = C:/MinGW/include
# default
.RECIPEPREFIX := 
# environment
LANG = C
# environment
PROCESSOR_LEVEL = 6
# environment
FPS_BROW 
SER_APP_PROFILE_STRING = Internet Explorer
# environment
VSCODE_PID = 11548
# environment
USERDOMAIN_ROAMINGPROFILE = DESKTOP-ODNIQO7
# variable set hash-table stats:
# Load=93/1024=9%, Rehash=0, Collisions=11/109=10%

# Pattern-specific Variable Values

# No pattern-specific variable values.

# Directories

# C:\Users\thiag\AppData\Local\Programs\Microsoft VS Code\bin (key C:/Users/thiag/AppData/Local/Programs/Microsoft VS Code/bin, mtime 1655760241): 4 files, no impossibilities.
# C:\Program Files\NVIDIA Corporation\NVIDIA NvDLISR (key C:/Program Files/NVIDIA Corporation/NVIDIA NvDLISR, mtime 1642935795): 5 files, no impossibilities.
# C:\Users\thiag\AppData\Local\Programs\Python\Python310\ (key C:/Users/thiag/AppData/Local/Programs/Python/Python310/, mtime 1657051497): 18 files, no impossibilities.
# C:\Windows\System32\WindowsPowerShell\v1.0\ (key C:/Windows/System32/WindowsPowerShell/v1.0/, mtime 1654904012): 31 files, no impossibilities.
# . (key c:/Users/thiag/Desktop/LFA, mtime 1657206333): 6 files, no impossibilities.
# C:\Users\thiag\AppData\Local\Programs\Python\Python310\Scripts\ (key C:/Users/thiag/AppData/Local/Programs/Python/Python310/Scripts/, mtime 1657051497): 5 files, no impossibilities.
# C:\Windows\System32\OpenSSH\: could not be stat'd.
# C:\MinGW\bin (key C:/MinGW/bin, mtime 1655257557): 145 files, no impossibilities.
# C:\Program Files (x86)\NVIDIA Corporation\PhysX\Common (key C:/Program Files (x86)/NVIDIA Corporation/PhysX/Common, mtime 1642936322): 10 files, no impossibilities.
# C:\ 
Windows (key C:/Windows, mtime 1657051484): 119 files, no impossibilities.
# C:\Windows\System32\Wbem (key C:/Windows/System32/Wbem, mtime 1655303140): 171 files, no impossibilities.
# C:\Program Files\Common Files\Oracle\Java\javapath (key C:/Program Files/Common Files/Oracle/Java/javapath, mtime 1643212969): 6 files, no impossibilities.
# C:\Program Files\nodejs\ (key C:/Program Files/nodejs/, mtime 1654909973): 13 files, no impossibilities.
# C:\Users\thiag\AppData\Roaming\npm (key C:/Users/thiag/AppData/Roaming/npm, mtime 1654909970): 2 files, no impossibilities.
# C:\Windows\system32 (key C:/Windows/system32, mtime 1657205071): 2935 files, no impossibilities.
# C:\Program Files\nodejs (key C:/Program Files/nodejs, mtime 1654909973): 13 files, no impossibilities.

# 3483 files, no impossibilities in 16 directories.

# Implicit Rules

# No implicit rules.

# Files

# Not a target:
all:
#  Command line target.
#  Implicit rule search has been done.
#  File does not exist.
#  File has not been updated.

# Not a target:
.SUFFIXES:
#  Implicit rule search has not been done.
#  Modification time never checked.
#  File has not been updated.

# Not a target:
Makefile:
#  Implicit rule search has been done.
#  File does not exist.
#  File has been updated.
#  Failed to be updated.

# Not a target:
makefile:
#  Implicit rule search has been done.
#  File does not exist.
#  File has been updated.
#  Failed to be updated.

# Not a target:
.DEFAULT:
#  Implicit rule search has not been done.
#  Modification time never checked.
#  File has not been updated.

# Not a target:
GNUmakefile:
#  Implicit rule search has been done.
#  File does not exist.
#  File has been updated.
#  Failed to be updated.

# files hash-table stats:
# Load=6/1024=1%, Rehash=0, Collisions=0/15=0%
# VPATH Search Paths

# No 'vpath' search paths.

# No general ('VPATH' variable) search path.

# strcache buffers: 7 (4) / strings = 3446 / storage = 51664 B / avg = 14 B
# current buf: size = 8174 B / used = 2698 B / count = 196 / avg = 13 B
# other used 
: total = 43490 B / count = 3250 / avg = 13 B
# other free: total = 78 B / max = 34 B / min = 1 B / avg = 13 B

# strcache performance: lookups = 3507 / hit rate = 1%
# hash-table stats:
# Load=3446/8192=42%, Rehash=0, Collisions=1169/3507=33%
# Finished Make data base on Thu Jul 07 12:06:53 2022

 
make.exe: *** No rule to make target 'all'.  Stop.

